CRITICAL - 2022-11-25 10:47:03 --> Undefined array key "password"
in APPPATH\Controllers\Home.php on line 17.
 1 APPPATH\Controllers\Home.php(17): CodeIgniter\Debug\Exceptions->errorHandler(2, 'Undefined array key "password"', 'APPPATH\\Controllers\\Home.php', 17)
 2 SYSTEMPATH\CodeIgniter.php(927): App\Controllers\Home->login()
 3 SYSTEMPATH\CodeIgniter.php(482): CodeIgniter\CodeIgniter->runController(Object(App\Controllers\Home))
 4 SYSTEMPATH\CodeIgniter.php(351): CodeIgniter\CodeIgniter->handleRequest(null, Object(Config\Cache), false)
 5 FCPATH\index.php(67): CodeIgniter\CodeIgniter->run()
CRITICAL - 2022-11-25 10:50:34 --> Call to undefined function App\Controllers\db_connection()
in APPPATH\Controllers\Home.php on line 23.
 1 SYSTEMPATH\CodeIgniter.php(927): App\Controllers\Home->login()
 2 SYSTEMPATH\CodeIgniter.php(482): CodeIgniter\CodeIgniter->runController(Object(App\Controllers\Home))
 3 SYSTEMPATH\CodeIgniter.php(351): CodeIgniter\CodeIgniter->handleRequest(null, Object(Config\Cache), false)
 4 FCPATH\index.php(67): CodeIgniter\CodeIgniter->run()
ERROR - 2022-11-25 10:50:51 --> mysqli_sql_exception: Unknown column 'username' in 'where clause' in C:\xampp\htdocs\Cd-dan\system\Database\MySQLi\Connection.php:292
Stack trace:
#0 C:\xampp\htdocs\Cd-dan\system\Database\MySQLi\Connection.php(292): mysqli->query('SELECT * FROM u...', 0)
#1 C:\xampp\htdocs\Cd-dan\system\Database\BaseConnection.php(666): CodeIgniter\Database\MySQLi\Connection->execute('SELECT * FROM u...')
#2 C:\xampp\htdocs\Cd-dan\system\Database\BaseConnection.php(593): CodeIgniter\Database\BaseConnection->simpleQuery('SELECT * FROM u...')
#3 C:\xampp\htdocs\Cd-dan\app\Controllers\Home.php(25): CodeIgniter\Database\BaseConnection->query('SELECT * FROM u...')
#4 C:\xampp\htdocs\Cd-dan\system\CodeIgniter.php(927): App\Controllers\Home->login()
#5 C:\xampp\htdocs\Cd-dan\system\CodeIgniter.php(482): CodeIgniter\CodeIgniter->runController(Object(App\Controllers\Home))
#6 C:\xampp\htdocs\Cd-dan\system\CodeIgniter.php(351): CodeIgniter\CodeIgniter->handleRequest(NULL, Object(Config\Cache), false)
#7 C:\xampp\htdocs\Cd-dan\public\index.php(67): CodeIgniter\CodeIgniter->run()
#8 {main}
CRITICAL - 2022-11-25 10:50:51 --> Unknown column 'username' in 'where clause'
in SYSTEMPATH\Database\MySQLi\Connection.php on line 292.
 1 SYSTEMPATH\Database\MySQLi\Connection.php(292): mysqli->query('SELECT * FROM users WHERE username = test', 0)
 2 SYSTEMPATH\Database\BaseConnection.php(666): CodeIgniter\Database\MySQLi\Connection->execute('SELECT * FROM users WHERE username = test')
 3 SYSTEMPATH\Database\BaseConnection.php(593): CodeIgniter\Database\BaseConnection->simpleQuery('SELECT * FROM users WHERE username = test')
 4 APPPATH\Controllers\Home.php(25): CodeIgniter\Database\BaseConnection->query('SELECT * FROM users WHERE username = test')
 5 SYSTEMPATH\CodeIgniter.php(927): App\Controllers\Home->login()
 6 SYSTEMPATH\CodeIgniter.php(482): CodeIgniter\CodeIgniter->runController(Object(App\Controllers\Home))
 7 SYSTEMPATH\CodeIgniter.php(351): CodeIgniter\CodeIgniter->handleRequest(null, Object(Config\Cache), false)
 8 FCPATH\index.php(67): CodeIgniter\CodeIgniter->run()
ERROR - 2022-11-25 10:51:28 --> mysqli_sql_exception: Unknown column 'test' in 'where clause' in C:\xampp\htdocs\Cd-dan\system\Database\MySQLi\Connection.php:292
Stack trace:
#0 C:\xampp\htdocs\Cd-dan\system\Database\MySQLi\Connection.php(292): mysqli->query('SELECT * FROM u...', 0)
#1 C:\xampp\htdocs\Cd-dan\system\Database\BaseConnection.php(666): CodeIgniter\Database\MySQLi\Connection->execute('SELECT * FROM u...')
#2 C:\xampp\htdocs\Cd-dan\system\Database\BaseConnection.php(593): CodeIgniter\Database\BaseConnection->simpleQuery('SELECT * FROM u...')
#3 C:\xampp\htdocs\Cd-dan\app\Controllers\Home.php(25): CodeIgniter\Database\BaseConnection->query('SELECT * FROM u...')
#4 C:\xampp\htdocs\Cd-dan\system\CodeIgniter.php(927): App\Controllers\Home->login()
#5 C:\xampp\htdocs\Cd-dan\system\CodeIgniter.php(482): CodeIgniter\CodeIgniter->runController(Object(App\Controllers\Home))
#6 C:\xampp\htdocs\Cd-dan\system\CodeIgniter.php(351): CodeIgniter\CodeIgniter->handleRequest(NULL, Object(Config\Cache), false)
#7 C:\xampp\htdocs\Cd-dan\public\index.php(67): CodeIgniter\CodeIgniter->run()
#8 {main}
CRITICAL - 2022-11-25 10:51:28 --> Unknown column 'test' in 'where clause'
in SYSTEMPATH\Database\MySQLi\Connection.php on line 292.
 1 SYSTEMPATH\Database\MySQLi\Connection.php(292): mysqli->query('SELECT * FROM users WHERE name = test', 0)
 2 SYSTEMPATH\Database\BaseConnection.php(666): CodeIgniter\Database\MySQLi\Connection->execute('SELECT * FROM users WHERE name = test')
 3 SYSTEMPATH\Database\BaseConnection.php(593): CodeIgniter\Database\BaseConnection->simpleQuery('SELECT * FROM users WHERE name = test')
 4 APPPATH\Controllers\Home.php(25): CodeIgniter\Database\BaseConnection->query('SELECT * FROM users WHERE name = test')
 5 SYSTEMPATH\CodeIgniter.php(927): App\Controllers\Home->login()
 6 SYSTEMPATH\CodeIgniter.php(482): CodeIgniter\CodeIgniter->runController(Object(App\Controllers\Home))
 7 SYSTEMPATH\CodeIgniter.php(351): CodeIgniter\CodeIgniter->handleRequest(null, Object(Config\Cache), false)
 8 FCPATH\index.php(67): CodeIgniter\CodeIgniter->run()
CRITICAL - 2022-11-25 11:06:50 --> Undefined array key "username"
in APPPATH\Controllers\Home.php on line 15.
 1 APPPATH\Controllers\Home.php(15): CodeIgniter\Debug\Exceptions->errorHandler(2, 'Undefined array key "username"', 'APPPATH\\Controllers\\Home.php', 15)
 2 SYSTEMPATH\CodeIgniter.php(927): App\Controllers\Home->login()
 3 SYSTEMPATH\CodeIgniter.php(482): CodeIgniter\CodeIgniter->runController(Object(App\Controllers\Home))
 4 SYSTEMPATH\CodeIgniter.php(351): CodeIgniter\CodeIgniter->handleRequest(null, Object(Config\Cache), false)
 5 FCPATH\index.php(67): CodeIgniter\CodeIgniter->run()
CRITICAL - 2022-11-25 12:03:19 --> Undefined array key "password"
in APPPATH\Controllers\Home.php on line 77.
 1 APPPATH\Controllers\Home.php(77): CodeIgniter\Debug\Exceptions->errorHandler(2, 'Undefined array key "password"', 'APPPATH\\Controllers\\Home.php', 77)
 2 SYSTEMPATH\CodeIgniter.php(927): App\Controllers\Home->recuperareUser()
 3 SYSTEMPATH\CodeIgniter.php(482): CodeIgniter\CodeIgniter->runController(Object(App\Controllers\Home))
 4 SYSTEMPATH\CodeIgniter.php(351): CodeIgniter\CodeIgniter->handleRequest(null, Object(Config\Cache), false)
 5 FCPATH\index.php(67): CodeIgniter\CodeIgniter->run()
CRITICAL - 2022-11-25 12:04:13 --> Invalid file: recupeare_error.php
in SYSTEMPATH\Exceptions\FrameworkException.php on line 33.
 1 SYSTEMPATH\View\View.php(201): CodeIgniter\Exceptions\FrameworkException::forInvalidFile('recupeare_error.php')
 2 SYSTEMPATH\Common.php(1134): CodeIgniter\View\View->render('recupeare_error', [], true)
 3 APPPATH\Controllers\Home.php(86): view('recupeare_error')
 4 SYSTEMPATH\CodeIgniter.php(927): App\Controllers\Home->recuperareUser()
 5 SYSTEMPATH\CodeIgniter.php(482): CodeIgniter\CodeIgniter->runController(Object(App\Controllers\Home))
 6 SYSTEMPATH\CodeIgniter.php(351): CodeIgniter\CodeIgniter->handleRequest(null, Object(Config\Cache), false)
 7 FCPATH\index.php(67): CodeIgniter\CodeIgniter->run()
CRITICAL - 2022-11-25 12:04:45 --> Invalid file: login.php
in SYSTEMPATH\Exceptions\FrameworkException.php on line 33.
 1 SYSTEMPATH\View\View.php(201): CodeIgniter\Exceptions\FrameworkException::forInvalidFile('login.php')
 2 SYSTEMPATH\Common.php(1134): CodeIgniter\View\View->render('login', [], true)
 3 APPPATH\Controllers\Home.php(92): view('login')
 4 SYSTEMPATH\CodeIgniter.php(927): App\Controllers\Home->recuperareUser()
 5 SYSTEMPATH\CodeIgniter.php(482): CodeIgniter\CodeIgniter->runController(Object(App\Controllers\Home))
 6 SYSTEMPATH\CodeIgniter.php(351): CodeIgniter\CodeIgniter->handleRequest(null, Object(Config\Cache), false)
 7 FCPATH\index.php(67): CodeIgniter\CodeIgniter->run()
